<?xml version="1.0" encoding="UTF-8"?>
<testsuite xmlns:xsi="http://www.w3.org/2001/XMLSchema-instance" xsi:noNamespaceSchemaLocation="https://maven.apache.org/surefire/maven-surefire-plugin/xsd/surefire-test-report-3.0.xsd" version="3.0" name="com.booking.flightbooking.FlightbookingApplicationTests" time="6.06" tests="1" errors="0" skipped="0" failures="0">
  <properties>
[...]
</properties>
  <testcase name="contextLoads" classname="com.booking.flightbooking.FlightbookingApplicationTests" time="0.488">
    <system-out><![CDATA[02:16:04.337 [main] INFO org.springframework.test.context.support.AnnotationConfigContextLoaderUtils -- Could not detect default configuration classes for test class [com.booking.flightbooking.FlightbookingApplicationTests]: FlightbookingApplicationTests does not declare any static, non-private, non-final, nested classes annotated with @Configuration.
02:16:04.468 [main] INFO org.springframework.boot.test.context.SpringBootTestContextBootstrapper -- Found @SpringBootConfiguration com.booking.flightbooking.FlightbookingApplication for test class com.booking.flightbooking.FlightbookingApplicationTests
02:16:04.667 [main] INFO org.springframework.boot.devtools.restart.RestartApplicationListener -- Restart disabled due to context in which it is running

  .   ____          _            __ _ _
 /\\ / ___'_ __ _ _(_)_ __  __ _ \ \ \ \
( ( )\___ | '_ | '_| | '_ \/ _` | \ \ \ \
 \\/  ___)| |_)| | | | | || (_| |  ) ) ) )
  '  |____| .__|_| |_|_| |_\__, | / / / /
 =========|_|==============|___/=/_/_/_/
 :: Spring Boot ::                (v3.2.0)

2024-01-07T02:16:05.002+03:00  INFO 12652 --- [           main] c.b.f.FlightbookingApplicationTests      : Starting FlightbookingApplicationTests using Java 17.0.8 with PID 12652 (started by kamil in C:\Users\kamil\OneDrive\Masaüstü\flight_booking_app)
2024-01-07T02:16:05.005+03:00  INFO 12652 --- [           main] c.b.f.FlightbookingApplicationTests      : No active profile set, falling back to 1 default profile: "default"
2024-01-07T02:16:05.749+03:00  INFO 12652 --- [           main] .s.d.r.c.RepositoryConfigurationDelegate : Bootstrapping Spring Data JPA repositories in DEFAULT mode.
2024-01-07T02:16:05.823+03:00  INFO 12652 --- [           main] .s.d.r.c.RepositoryConfigurationDelegate : Finished Spring Data repository scanning in 65 ms. Found 5 JPA repository interfaces.
2024-01-07T02:16:06.341+03:00  INFO 12652 --- [           main] o.hibernate.jpa.internal.util.LogHelper  : HHH000204: Processing PersistenceUnitInfo [name: default]
2024-01-07T02:16:06.410+03:00  INFO 12652 --- [           main] org.hibernate.Version                    : HHH000412: Hibernate ORM core version 6.3.1.Final
2024-01-07T02:16:06.450+03:00  INFO 12652 --- [           main] o.h.c.internal.RegionFactoryInitiator    : HHH000026: Second-level cache disabled
2024-01-07T02:16:06.770+03:00  INFO 12652 --- [           main] o.s.o.j.p.SpringPersistenceUnitInfo      : No LoadTimeWeaver setup: ignoring JPA class transformer
2024-01-07T02:16:06.805+03:00  INFO 12652 --- [           main] com.zaxxer.hikari.HikariDataSource       : HikariPool-1 - Starting...
2024-01-07T02:16:07.176+03:00  INFO 12652 --- [           main] com.zaxxer.hikari.pool.HikariPool        : HikariPool-1 - Added connection com.mysql.cj.jdbc.ConnectionImpl@138a85d3
2024-01-07T02:16:07.179+03:00  INFO 12652 --- [           main] com.zaxxer.hikari.HikariDataSource       : HikariPool-1 - Start completed.
2024-01-07T02:16:07.242+03:00  WARN 12652 --- [           main] org.hibernate.orm.deprecation            : HHH90000025: MySQLDialect does not need to be specified explicitly using 'hibernate.dialect' (remove the property setting and it will be selected by default)
2024-01-07T02:16:08.185+03:00  INFO 12652 --- [           main] o.h.e.t.j.p.i.JtaPlatformInitiator       : HHH000489: No JTA platform available (set 'hibernate.transaction.jta.platform' to enable JTA platform integration)
2024-01-07T02:16:08.311+03:00  INFO 12652 --- [           main] j.LocalContainerEntityManagerFactoryBean : Initialized JPA EntityManagerFactory for persistence unit 'default'
2024-01-07T02:16:09.144+03:00  WARN 12652 --- [           main] JpaBaseConfiguration$JpaWebConfiguration : spring.jpa.open-in-view is enabled by default. Therefore, database queries may be performed during view rendering. Explicitly configure spring.jpa.open-in-view to disable this warning
2024-01-07T02:16:09.680+03:00  INFO 12652 --- [           main] c.b.f.FlightbookingApplicationTests      : Started FlightbookingApplicationTests in 5.029 seconds (process running for 6.189)
]]></system-out>
  </testcase>
</testsuite>